
> admin@0.1.0 build C:\projektotletek\tesland\apps\admin
> next build

  ▲ Next.js 14.2.35

   Creating an optimized production build ...
 ✓ Compiled successfully
   Linting and checking validity of types ...
   Collecting page data ...
   Generating static pages (0/4) ...
   Generating static pages (1/4) 
   Generating static pages (2/4) 
   Generating static pages (3/4) 
 ✓ Generating static pages (4/4)
   Finalizing page optimization ...
   Collecting build traces ...

Route (app)                              Size     First Load JS
┌ ○ /                                    141 B          87.3 kB
└ ○ /_not-found                          871 B          88.1 kB
+ First Load JS shared by all            87.2 kB
  ├ chunks/35-a1108ac9d96aebe9.js        31.7 kB
  ├ chunks/93960839-25ca6f04973f0617.js  53.6 kB
  └ other shared chunks (total)          1.84 kB


○  (Static)  prerendered as static content

