
> web@0.1.0 build C:\projektotletek\tesland\apps\web
> next build

  ▲ Next.js 14.2.35

   Creating an optimized production build ...
 ✓ Compiled successfully
   Linting and checking validity of types ...
   Collecting page data ...
   Generating static pages (0/6) ...
   Generating static pages (1/6) 
   Generating static pages (2/6) 
   Generating static pages (4/6) 
 ✓ Generating static pages (6/6)
   Finalizing page optimization ...
   Collecting build traces ...

Route (app)                              Size     First Load JS
┌ ○ /                                    141 B          87.4 kB
├ ○ /_not-found                          871 B          88.2 kB
├ ○ /auth/login                          1.19 kB         126 kB
└ ○ /auth/register                       1.22 kB         126 kB
+ First Load JS shared by all            87.3 kB
  ├ chunks/35-d1b9bfd42322bbca.js        31.7 kB
  ├ chunks/93960839-a7b89986b14081b1.js  53.6 kB
  └ other shared chunks (total)          1.93 kB


○  (Static)  prerendered as static content

